tweet-composer/build/outputs/logs/manifest-merger-debug-report.txt
-- Merging decision tree log ---
manifest
ADDED from src\main\AndroidManifest.xml:18:1-34:12
INJECTED from src\main\AndroidManifest.xml:18:1-34:12
INJECTED from src\main\AndroidManifest.xml:18:1-34:12
INJECTED from src\main\AndroidManifest.xml:18:1-34:12
INJECTED from src\main\AndroidManifest.xml:18:1-34:12
INJECTED from src\main\AndroidManifest.xml:18:1-34:12
INJECTED from src\main\AndroidManifest.xml:18:1-34:12
	package
		ADDED from src\main\AndroidManifest.xml:19:5-52
		INJECTED from src\main\AndroidManifest.xml
		INJECTED from src\main\AndroidManifest.xml
	android:versionName
		INJECTED from src\main\AndroidManifest.xml
		ADDED from src\main\AndroidManifest.xml:18:1-34:12
		INJECTED from src\main\AndroidManifest.xml
	android:versionCode
		INJECTED from src\main\AndroidManifest.xml
		ADDED from src\main\AndroidManifest.xml:18:1-34:12
		INJECTED from src\main\AndroidManifest.xml
	xmlns:android
		ADDED from src\main\AndroidManifest.xml:20:5-63
uses-permission#android.permission.INTERNET
ADDED from src\main\AndroidManifest.xml:22:5-66
	android:name
		ADDED from src\main\AndroidManifest.xml:22:22-64
application
ADDED from src\main\AndroidManifest.xml:24:5-33:19
activity#com.twitter.sdk.android.tweetcomposer.ComposerActivity
ADDED from src\main\AndroidManifest.xml:25:9-28:70
	android:windowSoftInputMode
		ADDED from src\main\AndroidManifest.xml:28:13-68
	android:exported
		ADDED from src\main\AndroidManifest.xml:27:13-37
	android:name
		ADDED from src\main\AndroidManifest.xml:26:13-45
service#com.twitter.sdk.android.tweetcomposer.TweetUploadService
ADDED from src\main\AndroidManifest.xml:29:9-32:39
	android:enabled
		ADDED from src\main\AndroidManifest.xml:31:13-35
	android:exported
		ADDED from src\main\AndroidManifest.xml:32:13-37
	android:name
		ADDED from src\main\AndroidManifest.xml:30:13-47
uses-sdk
INJECTED from src\main\AndroidManifest.xml reason: use-sdk injection requested
INJECTED from src\main\AndroidManifest.xml
INJECTED from src\main\AndroidManifest.xml
	android:minSdkVersion
		INJECTED from src\main\AndroidManifest.xml
		ADDED from src\main\AndroidManifest.xml
		INJECTED from src\main\AndroidManifest.xml